$ ./2_perceptron ../teamlab-ss2017/emotion/train.csv ../teamlab-ss2017/emotion/dev.csv
[20:29:17] <main> INFO: Logging started
[20:29:26] <lib.reader.read_tweets> INFO: read 1223467 tweets from ../teamlab-ss2017/emotion/train.csv
[20:29:29] <lib.reader.read_tweets> INFO: read 411079 tweets from ../teamlab-ss2017/emotion/dev.csv
[20:29:29] <lib.classifiers.perceptron.Perceptron> INFO: logging started
[20:29:29] <lib.classifiers.perceptron.FeatureExtractor> INFO: logging started
[20:29:29] <lib.classifiers.perceptron.FeatureExtractor> INFO: caching enabled
[20:29:35] <lib.classifiers.perceptron.FeatureExtractor> INFO: found 8 classes and 2019337 features
[20:29:35] <lib.classifiers.perceptron.Perceptron> INFO: initializing weight matrix to size 8 x 2019337
acc train: 66.25 eval: 65.02 eval_avg: 73.21    time elapsed train: 8797.27 eval: 2073.01 total: 10870.29
acc train: 72.78 eval: 68.60 eval_avg: 73.73    time elapsed train: 7389.78 eval: 1436.03 total: 8825.80
acc train: 75.83 eval: 68.06 eval_avg: 73.91    time elapsed train: 7456.90 eval: 1235.32 total: 8692.22
acc train: 77.76 eval: 67.60 eval_avg: 73.96    time elapsed train: 7103.97 eval: 1254.64 total: 8358.61
acc train: 79.23 eval: 66.65 eval_avg: 73.97    time elapsed train: 6284.72 eval: 1713.04 total: 7997.76
acc train: 80.26 eval: 67.38 eval_avg: 73.97    time elapsed train: 6230.03 eval: 1087.10 total: 7317.12
acc train: 81.11 eval: 69.18 eval_avg: 73.99    time elapsed train: 6016.45 eval: 1851.34 total: 7867.79
acc train: 81.73 eval: 68.30 eval_avg: 74.00    time elapsed train: 5590.01 eval: 1074.17 total: 6664.18
acc train: 82.29 eval: 69.90 eval_avg: 74.00    time elapsed train: 4542.43 eval: 1062.35 total: 5604.78
acc train: 82.76 eval: 69.57 eval_avg: 73.98    time elapsed train: 4804.08 eval: 1538.36 total: 6342.44
acc train: 83.18 eval: 68.69 eval_avg: 73.96    time elapsed train: 5340.51 eval: 2357.59 total: 7698.10
acc train: 83.45 eval: 66.54 eval_avg: 73.90    time elapsed train: 7046.63 eval: 2511.17 total: 9557.80
acc train: 83.75 eval: 67.50 eval_avg: 73.88    time elapsed train: 5620.62 eval: 1467.73 total: 7088.34
acc train: 84.03 eval: 66.54 eval_avg: 73.84    time elapsed train: 5049.84 eval: 1856.58 total: 6906.42
acc train: 84.16 eval: 70.57 eval_avg: 73.82    time elapsed train: 5051.99 eval: 1503.40 total: 6555.39
acc train: 84.40 eval: 68.73 eval_avg: 73.80    time elapsed train: 5308.83 eval: 1682.31 total: 6991.15
acc train: 84.58 eval: 68.77 eval_avg: 73.78    time elapsed train: 5116.77 eval: 1650.60 total: 6767.37
acc train: 84.75 eval: 69.97 eval_avg: 73.75    time elapsed train: 4345.31 eval: 1029.06 total: 5374.37
acc train: 84.85 eval: 68.45 eval_avg: 73.73    time elapsed train: 4003.31 eval: 2312.20 total: 6315.52
acc train: 85.01 eval: 69.04 eval_avg: 73.70    time elapsed train: 5634.30 eval: 1339.15 total: 6973.45
acc train: 85.13 eval: 69.65 eval_avg: 73.69    time elapsed train: 6128.39 eval: 1842.71 total: 7971.10
acc train: 85.16 eval: 69.31 eval_avg: 73.68    time elapsed train: 4751.78 eval: 1355.65 total: 6107.43
acc train: 85.26 eval: 69.13 eval_avg: 73.62    time elapsed train: 4366.91 eval: 1246.25 total: 5613.16
acc train: 85.34 eval: 69.13 eval_avg: 73.61    time elapsed train: 4219.36 eval: 1116.18 total: 5335.54
acc train: 85.43 eval: 68.81 eval_avg: 73.59    time elapsed train: 4154.92 eval: 1107.12 total: 5262.04
